#
# A fatal error has been detected by the Java Runtime Environment:
#
#  SIGSEGV (0xb) at pc=0x000000010582317c, pid=85175, tid=18947
#
# JRE version: Java(TM) SE Runtime Environment (8.0_31-b13) (build 1.8.0_31-b13)
# Java VM: Java HotSpot(TM) 64-Bit Server VM (25.31-b07 mixed mode bsd-amd64 compressed oops)
# Problematic frame:
# V  [libjvm.dylib+0x42317c]
#
# Failed to write core dump. Core dumps have been disabled. To enable core dumping, try "ulimit -c unlimited" before starting Java again
#
# If you would like to submit a bug report, please visit:
#   http://bugreport.java.com/bugreport/crash.jsp
#

---------------  T H R E A D  ---------------

Current thread (0x00007fc7b582f000):  JavaThread "JDWP Transport Listener: dt_socket" daemon [_thread_in_vm, id=18947, stack(0x0000700000ec4000,0x0000700000fc4000)]

siginfo: si_signo: 11 (SIGSEGV), si_code: 0 (unknown), si_addr: 0x0000000000000000

Registers:
RAX=0x0000000000000001, RBX=0x0000700000fc3a8b, RCX=0x0000000105bd7c70, RDX=0x0000700000fc3a8b
RSP=0x0000700000fc39d0, RBP=0x0000700000fc39e0, RSI=0x00007fc7b582f000, RDI=0x6553627553747300
R8 =0x0000000000000000, R9 =0x00007fc7b272a4e0, R10=0x0000000080deb6b5, R11=0x00007fc7b2700000
R12=0x00007fc7b582f000, R13=0x6553627553747300, R14=0x6553627553747300, R15=0x00007fc7b4800900
RIP=0x000000010582317c, EFLAGS=0x0000000000010206, ERR=0x0000000000000000
  TRAPNO=0x000000000000000d

Top of Stack: (sp=0x0000700000fc39d0)
0x0000700000fc39d0:   0000700000fc3a8b 0000700000fc3a8b
0x0000700000fc39e0:   0000700000fc3a40 000000010573519e
0x0000700000fc39f0:   00007fc7b582f000 0000000000000000
0x0000700000fc3a00:   0000000000000000 0000000000000000
0x0000700000fc3a10:   00007fc7b582f000 00007fc7b582f000
0x0000700000fc3a20:   0000700000fc3a8b 0000700000fc3a90
0x0000700000fc3a30:   6553627553747300 0000000000000004
0x0000700000fc3a40:   0000700000fc3a60 000000010430d7dc
0x0000700000fc3a50:   0000000000000001 0000700000fc3b08
0x0000700000fc3a60:   0000700000fc3ad0 00000001042f2263
0x0000700000fc3a70:   0000700000fc3aa0 00007fc7b27261a0
0x0000700000fc3a80:   0000000500000032 0000000900fc3b08
0x0000700000fc3a90:   0000000000000000 0000000000000000
0x0000700000fc3aa0:   0000000000000000 0000700000fc3c90
0x0000700000fc3ab0:   0000000104314eca 00007fc7b2724ac0
0x0000700000fc3ac0:   0000700000fc3b08 0000000104320588
0x0000700000fc3ad0:   0000700000fc3ae0 00000001042f235c
0x0000700000fc3ae0:   0000700000fc3d00 00000001042fb8f6
0x0000700000fc3af0:   000009bb00000013 00000000000f0200
0x0000700000fc3b00:   00007fc7b2726a70 0000700000fc3c71
0x0000700000fc3b10:   00007fc700000013 0000700000fc3b20
0x0000700000fc3b20:   0000000000000119 0000700000fc3b58
0x0000700000fc3b30:   0000000000000000 0000000000000000
0x0000700000fc3b40:   000009bb0000001c 00007fff00004c80
0x0000700000fc3b50:   0000700000fc3b58 c77f000005000000
0x0000700000fc3b60:   0b000000e0ac72b2 6e4978614d746567
0x0000700000fc3b70:   282a000000786564 6c2f6176616a4c5b
0x0000700000fc3b80:   65746e492f676e61 76616a4c3b726567
0x0000700000fc3b90:   492f676e616c2f61 293b72656765746e
0x0000700000fc3ba0:   0000000000000049 ac72b2c77f00000a
0x0000700000fc3bb0:   6e6f6c12000000d0 5362755374736567
0x0000700000fc3bc0:   0065636e65757165 4c29495b281d0000 

Instructions: (pc=0x000000010582317c)
0x000000010582315c:   40 48 48 85 c0 75 e0 30 c0 0f b6 c0 5d c3 31 c0
0x000000010582316c:   5d c3 55 48 89 e5 53 48 83 ec 08 48 85 ff 74 24
0x000000010582317c:   48 8b 1f 48 85 db 74 1c 48 83 fb 37 74 16 48 8b
0x000000010582318c:   03 48 89 df ff 50 10 84 c0 b8 00 00 00 00 48 0f 

Register to memory mapping:

RAX=0x0000000000000001 is an unknown value
RBX=0x0000700000fc3a8b is pointing into the stack for thread: 0x00007fc7b582f000
RCX=0x0000000105bd7c70: UseMembar+0 in /Library/Java/JavaVirtualMachines/jdk1.8.0_31.jdk/Contents/Home/jre/lib/server/libjvm.dylib at 0x0000000105400000
RDX=0x0000700000fc3a8b is pointing into the stack for thread: 0x00007fc7b582f000
RSP=0x0000700000fc39d0 is pointing into the stack for thread: 0x00007fc7b582f000
RBP=0x0000700000fc39e0 is pointing into the stack for thread: 0x00007fc7b582f000
RSI=0x00007fc7b582f000 is a thread
RDI=0x6553627553747300 is an unknown value
R8 =0x0000000000000000 is an unknown value
R9 =0x00007fc7b272a4e0 is an unknown value
R10=0x0000000080deb6b5 is an unknown value
R11=0x00007fc7b2700000 is an unknown value
R12=0x00007fc7b582f000 is a thread
R13=0x6553627553747300 is an unknown value
R14=0x6553627553747300 is an unknown value
R15=0x00007fc7b4800900 is an unknown value


Stack: [0x0000700000ec4000,0x0000700000fc4000],  sp=0x0000700000fc39d0,  free space=1022k
Native frames: (J=compiled Java code, j=interpreted, Vv=VM code, C=native code)
V  [libjvm.dylib+0x42317c]
V  [libjvm.dylib+0x33519e]
C  [libjdwp.dylib+0x207dc]  isMethodSynthetic+0x63
C  [libjdwp.dylib+0x5263]  methods1+0x10b
C  [libjdwp.dylib+0x535c]  methodsWithGeneric+0xe
C  [libjdwp.dylib+0xe8f6]  debugLoop_run+0x1ce
C  [libjdwp.dylib+0x1f716]  attachThread+0x4d
V  [libjvm.dylib+0x3761fe]
V  [libjvm.dylib+0x5360cf]
V  [libjvm.dylib+0x53780c]
V  [libjvm.dylib+0x45d772]
C  [libsystem_pthread.dylib+0x39b1]  _pthread_body+0x83
C  [libsystem_pthread.dylib+0x392e]  _pthread_body+0x0
C  [libsystem_pthread.dylib+0x1385]  thread_start+0xd
C  0x0000000000000000


---------------  P R O C E S S  ---------------

Java Threads: ( => current thread )
  0x00007fc7b3801000 JavaThread "Service Thread" daemon [_thread_blocked, id=22531, stack(0x00007000015d9000,0x00007000016d9000)]
  0x00007fc7b6800000 JavaThread "C1 CompilerThread3" daemon [_thread_blocked, id=22019, stack(0x00007000014d6000,0x00007000015d6000)]
  0x00007fc7b301b000 JavaThread "C2 CompilerThread2" daemon [_thread_blocked, id=21507, stack(0x00007000013d3000,0x00007000014d3000)]
  0x00007fc7b301a800 JavaThread "C2 CompilerThread1" daemon [_thread_blocked, id=20995, stack(0x00007000012d0000,0x00007000013d0000)]
  0x00007fc7b5002000 JavaThread "C2 CompilerThread0" daemon [_thread_blocked, id=20483, stack(0x00007000011cd000,0x00007000012cd000)]
  0x00007fc7b3019800 JavaThread "JDWP Command Reader" daemon [_thread_in_native, id=19971, stack(0x00007000010ca000,0x00007000011ca000)]
  0x00007fc7b3043800 JavaThread "JDWP Event Helper Thread" daemon [_thread_blocked, id=19459, stack(0x0000700000fc7000,0x00007000010c7000)]
=>0x00007fc7b582f000 JavaThread "JDWP Transport Listener: dt_socket" daemon [_thread_in_vm, id=18947, stack(0x0000700000ec4000,0x0000700000fc4000)]
  0x00007fc7b5801000 JavaThread "Signal Dispatcher" daemon [_thread_blocked, id=15119, stack(0x0000700000dc1000,0x0000700000ec1000)]
  0x00007fc7b5828000 JavaThread "Finalizer" daemon [_thread_blocked, id=14339, stack(0x0000700000c3b000,0x0000700000d3b000)]
  0x00007fc7b4000800 JavaThread "Reference Handler" daemon [_thread_blocked, id=13827, stack(0x0000700000b38000,0x0000700000c38000)]
  0x00007fc7b3003000 JavaThread "main" [_thread_blocked, id=5891, stack(0x000070000011a000,0x000070000021a000)]

Other Threads:
  0x00007fc7b3042000 VMThread [stack: 0x0000700000a35000,0x0000700000b35000] [id=13315]
  0x00007fc7b3802000 WatcherThread [stack: 0x00007000016dc000,0x00007000017dc000] [id=23043]

VM state:not at safepoint (normal execution)

VM Mutex/Monitor currently owned by a thread: None

Heap:
 PSYoungGen      total 76288K, used 5243K [0x000000076ab00000, 0x0000000770000000, 0x00000007c0000000)
  eden space 65536K, 8% used [0x000000076ab00000,0x000000076b01ec68,0x000000076eb00000)
  from space 10752K, 0% used [0x000000076f580000,0x000000076f580000,0x0000000770000000)
  to   space 10752K, 0% used [0x000000076eb00000,0x000000076eb00000,0x000000076f580000)
 ParOldGen       total 175104K, used 0K [0x00000006c0000000, 0x00000006cab00000, 0x000000076ab00000)
  object space 175104K, 0% used [0x00000006c0000000,0x00000006c0000000,0x00000006cab00000)
 Metaspace       used 2827K, capacity 4494K, committed 4864K, reserved 1056768K
  class space    used 302K, capacity 386K, committed 512K, reserved 1048576K

Card table byte_map: [0x00000001156df000,0x0000000115ee0000] byte_map_base: 0x00000001120df000

Marking Bits: (ParMarkBitMap*) 0x0000000105c9e410
 Begin Bits: [0x0000000116436000, 0x000000011a436000)
 End Bits:   [0x000000011a436000, 0x000000011e436000)

Polling page: 0x00000001042ec000

CodeCache: size=245760Kb used=1175Kb max_used=1175Kb free=244584Kb
 bounds [0x000000010631f000, 0x000000010658f000, 0x000000011531f000]
 total_blobs=279 nmethods=52 adapters=150
 compilation: enabled

Compilation events (10 events):
Event: 0.144 Thread 0x00007fc7b6800000   49       3       java.util.HashMap::putVal (300 bytes)
Event: 0.145 Thread 0x00007fc7b6800000 nmethod 49 0x00000001064437d0 code [0x0000000106443a40, 0x0000000106444d78]
Event: 0.145 Thread 0x00007fc7b6800000   48       3       java.util.HashMap::put (13 bytes)
Event: 0.145 Thread 0x00007fc7b6800000 nmethod 48 0x0000000106441850 code [0x00000001064419e0, 0x0000000106441db8]
Event: 0.146 Thread 0x00007fc7b6800000   50       1       java.lang.StringCoding$StringEncoder::requestedCharsetName (5 bytes)
Event: 0.146 Thread 0x00007fc7b6800000 nmethod 50 0x0000000106441590 code [0x00000001064416e0, 0x00000001064417f0]
Event: 0.147 Thread 0x00007fc7b6800000   51       1       java.io.File::getPath (5 bytes)
Event: 0.147 Thread 0x00007fc7b6800000 nmethod 51 0x00000001064412d0 code [0x0000000106441420, 0x0000000106441530]
Event: 0.151 Thread 0x00007fc7b6800000   52       3       java.util.HashMap::get (23 bytes)
Event: 0.151 Thread 0x00007fc7b6800000 nmethod 52 0x0000000106440bd0 code [0x0000000106440d60, 0x0000000106441178]

GC Heap History (0 events):
No events

Deoptimization events (0 events):
No events

Internal exceptions (10 events):
Event: 0.142 Thread 0x00007fc7b3003000 Exception <a 'java/security/PrivilegedActionException'> (0x000000076abd43f0) thrown at [/Users/java_re/workspace/8-2-build-macosx-x86_64/jdk8u31/2394/hotspot/src/share/vm/prims/jvm.cpp, line 1312]
Event: 0.142 Thread 0x00007fc7b3003000 Exception <a 'java/security/PrivilegedActionException'> (0x000000076abd45a8) thrown at [/Users/java_re/workspace/8-2-build-macosx-x86_64/jdk8u31/2394/hotspot/src/share/vm/prims/jvm.cpp, line 1312]
Event: 0.143 Thread 0x00007fc7b3003000 Exception <a 'java/util/zip/ZipException'> (0x000000076abd5388) thrown at [/Users/java_re/workspace/8-2-build-macosx-x86_64/jdk8u31/2394/hotspot/src/share/vm/prims/jni.cpp, line 716]
Event: 0.143 Thread 0x00007fc7b3003000 Exception <a 'java/security/PrivilegedActionException'> (0x000000076abd5538) thrown at [/Users/java_re/workspace/8-2-build-macosx-x86_64/jdk8u31/2394/hotspot/src/share/vm/prims/jvm.cpp, line 1312]
Event: 0.143 Thread 0x00007fc7b3003000 Exception <a 'java/security/PrivilegedActionException'> (0x000000076abd56f0) thrown at [/Users/java_re/workspace/8-2-build-macosx-x86_64/jdk8u31/2394/hotspot/src/share/vm/prims/jvm.cpp, line 1312]
Event: 0.145 Thread 0x00007fc7b3003000 Exception <a 'java/util/zip/ZipException'> (0x000000076abe72d0) thrown at [/Users/java_re/workspace/8-2-build-macosx-x86_64/jdk8u31/2394/hotspot/src/share/vm/prims/jni.cpp, line 716]
Event: 0.145 Thread 0x00007fc7b3003000 Exception <a 'java/security/PrivilegedActionException'> (0x000000076abe7480) thrown at [/Users/java_re/workspace/8-2-build-macosx-x86_64/jdk8u31/2394/hotspot/src/share/vm/prims/jvm.cpp, line 1312]
Event: 0.145 Thread 0x00007fc7b3003000 Exception <a 'java/security/PrivilegedActionException'> (0x000000076abe7638) thrown at [/Users/java_re/workspace/8-2-build-macosx-x86_64/jdk8u31/2394/hotspot/src/share/vm/prims/jvm.cpp, line 1312]
Event: 0.145 Thread 0x00007fc7b3003000 Exception <a 'java/security/PrivilegedActionException'> (0x000000076abe79a8) thrown at [/Users/java_re/workspace/8-2-build-macosx-x86_64/jdk8u31/2394/hotspot/src/share/vm/prims/jvm.cpp, line 1312]
Event: 0.150 Thread 0x00007fc7b3003000 Exception <a 'java/security/PrivilegedActionException'> (0x000000076abee270) thrown at [/Users/java_re/workspace/8-2-build-macosx-x86_64/jdk8u31/2394/hotspot/src/share/vm/prims/jvm.cpp, line 1312]

Events (10 events):
Event: 390.158 Executing VM operation: GetOrSetLocal
Event: 390.158 Executing VM operation: GetOrSetLocal done
Event: 390.159 Executing VM operation: GetOrSetLocal
Event: 390.159 Executing VM operation: GetOrSetLocal done
Event: 390.163 Executing VM operation: GetOrSetLocal
Event: 390.163 Executing VM operation: GetOrSetLocal done
Event: 390.163 Executing VM operation: GetOrSetLocal
Event: 390.163 Executing VM operation: GetOrSetLocal done
Event: 503.657 Executing VM operation: RedefineClasses
Event: 503.658 Executing VM operation: RedefineClasses done


Dynamic libraries:
0x0000000003ee9000 	/System/Library/Frameworks/Cocoa.framework/Versions/A/Cocoa
0x0000000003ee9000 	/System/Library/Frameworks/Security.framework/Versions/A/Security
0x0000000003ee9000 	/System/Library/Frameworks/ApplicationServices.framework/Versions/A/ApplicationServices
0x0000000003ee9000 	/usr/lib/libz.1.dylib
0x0000000003ee9000 	/usr/lib/libSystem.B.dylib
0x0000000003ee9000 	/usr/lib/libobjc.A.dylib
0x0000000003ee9000 	/System/Library/Frameworks/CoreFoundation.framework/Versions/A/CoreFoundation
0x0000000003ee9000 	/System/Library/Frameworks/Foundation.framework/Versions/C/Foundation
0x0000000003ee9000 	/System/Library/Frameworks/AppKit.framework/Versions/C/AppKit
0x0000000003ee9000 	/System/Library/Frameworks/CoreData.framework/Versions/A/CoreData
0x0000000003ee9000 	/System/Library/PrivateFrameworks/RemoteViewServices.framework/Versions/A/RemoteViewServices
0x0000000003ee9000 	/System/Library/PrivateFrameworks/UIFoundation.framework/Versions/A/UIFoundation
0x0000000003ee9000 	/usr/lib/libScreenReader.dylib
0x0000000003ee9000 	/System/Library/Frameworks/Accelerate.framework/Versions/A/Accelerate
0x0000000003ee9000 	/System/Library/Frameworks/IOSurface.framework/Versions/A/IOSurface
0x0000000003ee9000 	/System/Library/Frameworks/AudioToolbox.framework/Versions/A/AudioToolbox
0x0000000003ee9000 	/System/Library/Frameworks/AudioUnit.framework/Versions/A/AudioUnit
0x0000000003ee9000 	/System/Library/PrivateFrameworks/DataDetectorsCore.framework/Versions/A/DataDetectorsCore
0x0000000003ee9000 	/System/Library/PrivateFrameworks/DesktopServicesPriv.framework/Versions/A/DesktopServicesPriv
0x0000000003ee9000 	/System/Library/Frameworks/Carbon.framework/Versions/A/Frameworks/HIToolbox.framework/Versions/A/HIToolbox
0x0000000003ee9000 	/System/Library/Frameworks/QuartzCore.framework/Versions/A/QuartzCore
0x0000000003ee9000 	/System/Library/Frameworks/Carbon.framework/Versions/A/Frameworks/SpeechRecognition.framework/Versions/A/SpeechRecognition
0x0000000003ee9000 	/usr/lib/libauto.dylib
0x0000000003ee9000 	/usr/lib/libicucore.A.dylib
0x0000000003ee9000 	/usr/lib/libxml2.2.dylib
0x0000000003ee9000 	/System/Library/PrivateFrameworks/CoreUI.framework/Versions/A/CoreUI
0x0000000003ee9000 	/System/Library/Frameworks/CoreAudio.framework/Versions/A/CoreAudio
0x0000000003ee9000 	/System/Library/Frameworks/DiskArbitration.framework/Versions/A/DiskArbitration
0x0000000003ee9000 	/usr/lib/liblangid.dylib
0x0000000003ee9000 	/System/Library/PrivateFrameworks/MultitouchSupport.framework/Versions/A/MultitouchSupport
0x0000000003ee9000 	/System/Library/Frameworks/IOKit.framework/Versions/A/IOKit
0x0000000003ee9000 	/usr/lib/libDiagnosticMessagesClient.dylib
0x0000000003ee9000 	/System/Library/Frameworks/CoreServices.framework/Versions/A/CoreServices
0x0000000003ee9000 	/System/Library/PrivateFrameworks/PerformanceAnalysis.framework/Versions/A/PerformanceAnalysis
0x0000000003ee9000 	/System/Library/PrivateFrameworks/GenerationalStorage.framework/Versions/A/GenerationalStorage
0x0000000003ee9000 	/System/Library/Frameworks/OpenGL.framework/Versions/A/OpenGL
0x0000000003ee9000 	/System/Library/PrivateFrameworks/Sharing.framework/Versions/A/Sharing
0x0000000003ee9000 	/System/Library/Frameworks/CoreGraphics.framework/Versions/A/CoreGraphics
0x0000000003ee9000 	/System/Library/Frameworks/CoreImage.framework/Versions/A/CoreImage
0x0000000003ee9000 	/System/Library/Frameworks/CoreText.framework/Versions/A/CoreText
0x0000000003ee9000 	/System/Library/Frameworks/ImageIO.framework/Versions/A/ImageIO
0x0000000003ee9000 	/System/Library/PrivateFrameworks/Backup.framework/Versions/A/Backup
0x0000000003ee9000 	/usr/lib/libextension.dylib
0x0000000003ee9000 	/usr/lib/libarchive.2.dylib
0x0000000003ee9000 	/System/Library/Frameworks/CFNetwork.framework/Versions/A/CFNetwork
0x0000000003ee9000 	/System/Library/Frameworks/SystemConfiguration.framework/Versions/A/SystemConfiguration
0x0000000003ee9000 	/usr/lib/libCRFSuite.dylib
0x0000000003ee9000 	/usr/lib/libc++.1.dylib
0x0000000003ee9000 	/usr/lib/libc++abi.dylib
0x0000000003ee9000 	/usr/lib/system/libcache.dylib
0x0000000003ee9000 	/usr/lib/system/libcommonCrypto.dylib
0x0000000003ee9000 	/usr/lib/system/libcompiler_rt.dylib
0x0000000003ee9000 	/usr/lib/system/libcopyfile.dylib
0x0000000003ee9000 	/usr/lib/system/libcorecrypto.dylib
0x0000000003ee9000 	/usr/lib/system/libdispatch.dylib
0x0000000003ee9000 	/usr/lib/system/libdyld.dylib
0x0000000003ee9000 	/usr/lib/system/libkeymgr.dylib
0x0000000003ee9000 	/usr/lib/system/liblaunch.dylib
0x0000000003ee9000 	/usr/lib/system/libmacho.dylib
0x0000000003ee9000 	/usr/lib/system/libquarantine.dylib
0x0000000003ee9000 	/usr/lib/system/libremovefile.dylib
0x0000000003ee9000 	/usr/lib/system/libsystem_asl.dylib
0x0000000003ee9000 	/usr/lib/system/libsystem_blocks.dylib
0x0000000003ee9000 	/usr/lib/system/libsystem_c.dylib
0x0000000003ee9000 	/usr/lib/system/libsystem_configuration.dylib
0x0000000003ee9000 	/usr/lib/system/libsystem_coreservices.dylib
0x0000000003ee9000 	/usr/lib/system/libsystem_coretls.dylib
0x0000000003ee9000 	/usr/lib/system/libsystem_dnssd.dylib
0x0000000003ee9000 	/usr/lib/system/libsystem_info.dylib
0x0000000003ee9000 	/usr/lib/system/libsystem_kernel.dylib
0x0000000003ee9000 	/usr/lib/system/libsystem_m.dylib
0x0000000003ee9000 	/usr/lib/system/libsystem_malloc.dylib
0x0000000003ee9000 	/usr/lib/system/libsystem_network.dylib
0x0000000003ee9000 	/usr/lib/system/libsystem_networkextension.dylib
0x0000000003ee9000 	/usr/lib/system/libsystem_notify.dylib
0x0000000003ee9000 	/usr/lib/system/libsystem_platform.dylib
0x0000000003ee9000 	/usr/lib/system/libsystem_pthread.dylib
0x0000000003ee9000 	/usr/lib/system/libsystem_sandbox.dylib
0x0000000003ee9000 	/usr/lib/system/libsystem_secinit.dylib
0x0000000003ee9000 	/usr/lib/system/libsystem_trace.dylib
0x0000000003ee9000 	/usr/lib/system/libunc.dylib
0x0000000003ee9000 	/usr/lib/system/libunwind.dylib
0x0000000003ee9000 	/usr/lib/system/libxpc.dylib
0x0000000003ee9000 	/usr/lib/libenergytrace.dylib
0x0000000003ee9000 	/usr/lib/libbsm.0.dylib
0x0000000003ee9000 	/usr/lib/system/libkxld.dylib
0x0000000003ee9000 	/usr/lib/libxar.1.dylib
0x0000000003ee9000 	/usr/lib/libsqlite3.dylib
0x0000000003ee9000 	/usr/lib/libpam.2.dylib
0x0000000003ee9000 	/usr/lib/libOpenScriptingUtil.dylib
0x0000000003ee9000 	/usr/lib/libbz2.1.0.dylib
0x0000000003ee9000 	/usr/lib/liblzma.5.dylib
0x0000000003ee9000 	/System/Library/Frameworks/CoreServices.framework/Versions/A/Frameworks/FSEvents.framework/Versions/A/FSEvents
0x0000000003ee9000 	/System/Library/Frameworks/CoreServices.framework/Versions/A/Frameworks/CarbonCore.framework/Versions/A/CarbonCore
0x0000000003ee9000 	/System/Library/Frameworks/CoreServices.framework/Versions/A/Frameworks/Metadata.framework/Versions/A/Metadata
0x0000000003ee9000 	/System/Library/Frameworks/CoreServices.framework/Versions/A/Frameworks/OSServices.framework/Versions/A/OSServices
0x0000000003ee9000 	/System/Library/Frameworks/CoreServices.framework/Versions/A/Frameworks/SearchKit.framework/Versions/A/SearchKit
0x0000000003ee9000 	/System/Library/Frameworks/CoreServices.framework/Versions/A/Frameworks/AE.framework/Versions/A/AE
0x0000000003ee9000 	/System/Library/Frameworks/CoreServices.framework/Versions/A/Frameworks/LaunchServices.framework/Versions/A/LaunchServices
0x0000000003ee9000 	/System/Library/Frameworks/CoreServices.framework/Versions/A/Frameworks/DictionaryServices.framework/Versions/A/DictionaryServices
0x0000000003ee9000 	/System/Library/Frameworks/CoreServices.framework/Versions/A/Frameworks/SharedFileList.framework/Versions/A/SharedFileList
0x0000000003ee9000 	/System/Library/Frameworks/NetFS.framework/Versions/A/NetFS
0x0000000003ee9000 	/System/Library/PrivateFrameworks/NetAuth.framework/Versions/A/NetAuth
0x0000000003ee9000 	/System/Library/PrivateFrameworks/login.framework/Versions/A/Frameworks/loginsupport.framework/Versions/A/loginsupport
0x0000000003ee9000 	/System/Library/PrivateFrameworks/TCC.framework/Versions/A/TCC
0x0000000003ee9000 	/usr/lib/libmecabra.dylib
0x0000000003ee9000 	/System/Library/Frameworks/ApplicationServices.framework/Versions/A/Frameworks/ATS.framework/Versions/A/ATS
0x0000000003ee9000 	/System/Library/Frameworks/ApplicationServices.framework/Versions/A/Frameworks/ColorSync.framework/Versions/A/ColorSync
0x0000000003ee9000 	/System/Library/Frameworks/ApplicationServices.framework/Versions/A/Frameworks/HIServices.framework/Versions/A/HIServices
0x0000000003ee9000 	/System/Library/Frameworks/ApplicationServices.framework/Versions/A/Frameworks/LangAnalysis.framework/Versions/A/LangAnalysis
0x0000000003ee9000 	/System/Library/Frameworks/ApplicationServices.framework/Versions/A/Frameworks/PrintCore.framework/Versions/A/PrintCore
0x0000000003ee9000 	/System/Library/Frameworks/ApplicationServices.framework/Versions/A/Frameworks/QD.framework/Versions/A/QD
0x0000000003ee9000 	/System/Library/Frameworks/ApplicationServices.framework/Versions/A/Frameworks/SpeechSynthesis.framework/Versions/A/SpeechSynthesis
0x0000000003ee9000 	/System/Library/Frameworks/Metal.framework/Versions/A/Metal
0x0000000003ee9000 	/System/Library/Frameworks/Accelerate.framework/Versions/A/Frameworks/vImage.framework/Versions/A/vImage
0x0000000003ee9000 	/System/Library/Frameworks/Accelerate.framework/Versions/A/Frameworks/vecLib.framework/Versions/A/vecLib
0x0000000003ee9000 	/System/Library/Frameworks/Accelerate.framework/Versions/A/Frameworks/vecLib.framework/Versions/A/libvDSP.dylib
0x0000000003ee9000 	/System/Library/Frameworks/Accelerate.framework/Versions/A/Frameworks/vecLib.framework/Versions/A/libvMisc.dylib
0x0000000003ee9000 	/System/Library/Frameworks/Accelerate.framework/Versions/A/Frameworks/vecLib.framework/Versions/A/libLAPACK.dylib
0x0000000003ee9000 	/System/Library/Frameworks/Accelerate.framework/Versions/A/Frameworks/vecLib.framework/Versions/A/libBLAS.dylib
0x0000000003ee9000 	/System/Library/Frameworks/Accelerate.framework/Versions/A/Frameworks/vecLib.framework/Versions/A/libLinearAlgebra.dylib
0x0000000003ee9000 	/System/Library/Frameworks/Accelerate.framework/Versions/A/Frameworks/vecLib.framework/Versions/A/libSparseBLAS.dylib
0x0000000003ee9000 	/System/Library/PrivateFrameworks/GPUCompiler.framework/libmetal_timestamp.dylib
0x0000000003ee9000 	/System/Library/Frameworks/OpenGL.framework/Versions/A/Libraries/libCoreFSCache.dylib
0x0000000003ee9000 	/System/Library/PrivateFrameworks/IOAccelerator.framework/Versions/A/IOAccelerator
0x0000000003ee9000 	/System/Library/Frameworks/ApplicationServices.framework/Versions/A/Frameworks/ATS.framework/Versions/A/Resources/libFontParser.dylib
0x0000000003ee9000 	/System/Library/Frameworks/ApplicationServices.framework/Versions/A/Frameworks/ATS.framework/Versions/A/Resources/libFontRegistry.dylib
0x0000000003ee9000 	/System/Library/PrivateFrameworks/AppleVPA.framework/Versions/A/AppleVPA
0x0000000003ee9000 	/System/Library/PrivateFrameworks/AppleJPEG.framework/Versions/A/AppleJPEG
0x0000000003ee9000 	/System/Library/Frameworks/ImageIO.framework/Versions/A/Resources/libJPEG.dylib
0x0000000003ee9000 	/System/Library/Frameworks/ImageIO.framework/Versions/A/Resources/libTIFF.dylib
0x0000000003ee9000 	/System/Library/Frameworks/ImageIO.framework/Versions/A/Resources/libPng.dylib
0x0000000003ee9000 	/System/Library/Frameworks/ImageIO.framework/Versions/A/Resources/libGIF.dylib
0x0000000003ee9000 	/System/Library/Frameworks/ImageIO.framework/Versions/A/Resources/libJP2.dylib
0x0000000003ee9000 	/System/Library/Frameworks/ImageIO.framework/Versions/A/Resources/libRadiance.dylib
0x0000000003ee9000 	/System/Library/Frameworks/CoreVideo.framework/Versions/A/CoreVideo
0x0000000003ee9000 	/System/Library/Frameworks/OpenGL.framework/Versions/A/Libraries/libGLU.dylib
0x0000000003ee9000 	/System/Library/Frameworks/OpenGL.framework/Versions/A/Libraries/libGFXShared.dylib
0x0000000003ee9000 	/System/Library/Frameworks/OpenGL.framework/Versions/A/Libraries/libGL.dylib
0x0000000003ee9000 	/System/Library/Frameworks/OpenGL.framework/Versions/A/Libraries/libGLImage.dylib
0x0000000003ee9000 	/System/Library/Frameworks/OpenGL.framework/Versions/A/Libraries/libCVMSPluginSupport.dylib
0x0000000003ee9000 	/System/Library/Frameworks/OpenGL.framework/Versions/A/Libraries/libCoreVMClient.dylib
0x0000000003ee9000 	/usr/lib/libcups.2.dylib
0x0000000003ee9000 	/System/Library/Frameworks/Kerberos.framework/Versions/A/Kerberos
0x0000000003ee9000 	/System/Library/Frameworks/GSS.framework/Versions/A/GSS
0x0000000003ee9000 	/usr/lib/libresolv.9.dylib
0x0000000003ee9000 	/usr/lib/libiconv.2.dylib
0x0000000003ee9000 	/System/Library/PrivateFrameworks/Heimdal.framework/Versions/A/Heimdal
0x0000000003ee9000 	/usr/lib/libheimdal-asn1.dylib
0x0000000003ee9000 	/System/Library/Frameworks/OpenDirectory.framework/Versions/A/OpenDirectory
0x0000000003ee9000 	/System/Library/PrivateFrameworks/CommonAuth.framework/Versions/A/CommonAuth
0x0000000003ee9000 	/System/Library/Frameworks/OpenDirectory.framework/Versions/A/Frameworks/CFOpenDirectory.framework/Versions/A/CFOpenDirectory
0x0000000003ee9000 	/System/Library/Frameworks/SecurityFoundation.framework/Versions/A/SecurityFoundation
0x0000000003ee9000 	/System/Library/PrivateFrameworks/LanguageModeling.framework/Versions/A/LanguageModeling
0x0000000003ee9000 	/usr/lib/libmarisa.dylib
0x0000000003ee9000 	/usr/lib/libChineseTokenizer.dylib
0x0000000003ee9000 	/usr/lib/libcmph.dylib
0x0000000003ee9000 	/usr/lib/libcompression.dylib
0x0000000003ee9000 	/System/Library/Frameworks/ServiceManagement.framework/Versions/A/ServiceManagement
0x0000000003ee9000 	/usr/lib/libxslt.1.dylib
0x0000000003ee9000 	/System/Library/Frameworks/Carbon.framework/Versions/A/Frameworks/Ink.framework/Versions/A/Ink
0x0000000003ee9000 	/usr/lib/libFosl_dynamic.dylib
0x0000000003ee9000 	/System/Library/PrivateFrameworks/FaceCore.framework/Versions/A/FaceCore
0x0000000003ee9000 	/System/Library/Frameworks/OpenCL.framework/Versions/A/OpenCL
0x0000000003ee9000 	/System/Library/PrivateFrameworks/CrashReporterSupport.framework/Versions/A/CrashReporterSupport
0x0000000003ee9000 	/System/Library/PrivateFrameworks/IconServices.framework/Versions/A/IconServices
0x0000000003ee9000 	/System/Library/PrivateFrameworks/Apple80211.framework/Versions/A/Apple80211
0x0000000003ee9000 	/System/Library/Frameworks/CoreWLAN.framework/Versions/A/CoreWLAN
0x0000000003ee9000 	/System/Library/Frameworks/IOBluetooth.framework/Versions/A/IOBluetooth
0x0000000003ee9000 	/System/Library/PrivateFrameworks/CoreWiFi.framework/Versions/A/CoreWiFi
0x0000000003ee9000 	/System/Library/Frameworks/CoreBluetooth.framework/Versions/A/CoreBluetooth
0x0000000003ee9000 	/System/Library/PrivateFrameworks/ChunkingLibrary.framework/Versions/A/ChunkingLibrary
0x0000000003ee9000 	/System/Library/PrivateFrameworks/DebugSymbols.framework/Versions/A/DebugSymbols
0x0000000003ee9000 	/System/Library/PrivateFrameworks/CoreSymbolication.framework/Versions/A/CoreSymbolication
0x0000000003ee9000 	/System/Library/PrivateFrameworks/Symbolication.framework/Versions/A/Symbolication
0x0000000003ee9000 	/System/Library/PrivateFrameworks/SpeechRecognitionCore.framework/Versions/A/SpeechRecognitionCore
0x0000000105400000 	/Library/Java/JavaVirtualMachines/jdk1.8.0_31.jdk/Contents/Home/jre/lib/server/libjvm.dylib
0x0000000003ee9000 	/usr/lib/libstdc++.6.dylib
0x00000001042aa000 	/Library/Java/JavaVirtualMachines/jdk1.8.0_31.jdk/Contents/Home/jre/lib/libverify.dylib
0x00000001042b8000 	/Library/Java/JavaVirtualMachines/jdk1.8.0_31.jdk/Contents/Home/jre/lib/libjava.dylib
0x00000001042ed000 	/Library/Java/JavaVirtualMachines/jdk1.8.0_31.jdk/Contents/Home/jre/lib/libjdwp.dylib
0x0000000104338000 	/Library/Java/JavaVirtualMachines/jdk1.8.0_31.jdk/Contents/Home/jre/lib/libnpt.dylib
0x0000000104345000 	/Library/Java/JavaVirtualMachines/jdk1.8.0_31.jdk/Contents/Home/jre/lib/libzip.dylib
0x000000012133a000 	/System/Library/Frameworks/JavaVM.framework/Frameworks/JavaRuntimeSupport.framework/JavaRuntimeSupport
0x00000001043e7000 	/System/Library/Frameworks/JavaVM.framework/Versions/A/Frameworks/JavaNativeFoundation.framework/Versions/A/JavaNativeFoundation
0x0000000121355000 	/System/Library/Frameworks/JavaVM.framework/Versions/A/JavaVM
0x0000000003ee9000 	/System/Library/Frameworks/Carbon.framework/Versions/A/Carbon
0x0000000121362000 	/System/Library/PrivateFrameworks/JavaLaunching.framework/Versions/A/JavaLaunching
0x0000000003ee9000 	/System/Library/Frameworks/Carbon.framework/Versions/A/Frameworks/CommonPanels.framework/Versions/A/CommonPanels
0x0000000003ee9000 	/System/Library/Frameworks/Carbon.framework/Versions/A/Frameworks/Help.framework/Versions/A/Help
0x0000000003ee9000 	/System/Library/Frameworks/Carbon.framework/Versions/A/Frameworks/ImageCapture.framework/Versions/A/ImageCapture
0x0000000003ee9000 	/System/Library/Frameworks/Carbon.framework/Versions/A/Frameworks/OpenScripting.framework/Versions/A/OpenScripting
0x0000000003ee9000 	/System/Library/Frameworks/Carbon.framework/Versions/A/Frameworks/Print.framework/Versions/A/Print
0x0000000003ee9000 	/System/Library/Frameworks/Carbon.framework/Versions/A/Frameworks/SecurityHI.framework/Versions/A/SecurityHI
0x0000000122c7e000 	/Library/Java/JavaVirtualMachines/jdk1.8.0_31.jdk/Contents/Home/jre/lib/libdt_socket.dylib

VM Arguments:
jvm_args: -agentlib:jdwp=transport=dt_socket,suspend=y,address=localhost:53319 -Dfile.encoding=UTF-8 
java_command: my.prep.practice.LongestSubSeq
java_class_path (initial): /Users/msatwani/private/prep/preparation/bin
Launcher Type: SUN_STANDARD

Environment Variables:
PATH=/usr/bin:/bin:/usr/sbin:/sbin
SHELL=/bin/bash
DISPLAY=/private/tmp/com.apple.launchd.4ASsFAgkhC/org.macosforge.xquartz:0

Signal Handlers:
SIGSEGV: [libjvm.dylib+0x57a0e7], sa_mask[0]=11111111011111110111111111111111, sa_flags=SA_ONSTACK|SA_RESTART|SA_SIGINFO
SIGBUS: [libjvm.dylib+0x57a0e7], sa_mask[0]=11111111011111110111111111111111, sa_flags=SA_RESTART|SA_SIGINFO
SIGFPE: [libjvm.dylib+0x45af24], sa_mask[0]=11111111011111110111111111111111, sa_flags=SA_RESTART|SA_SIGINFO
SIGPIPE: [libjvm.dylib+0x45af24], sa_mask[0]=11111111011111110111111111111111, sa_flags=SA_RESTART|SA_SIGINFO
SIGXFSZ: [libjvm.dylib+0x45af24], sa_mask[0]=11111111011111110111111111111111, sa_flags=SA_RESTART|SA_SIGINFO
SIGILL: [libjvm.dylib+0x45af24], sa_mask[0]=11111111011111110111111111111111, sa_flags=SA_RESTART|SA_SIGINFO
SIGUSR1: SIG_DFL, sa_mask[0]=00000000000000000000000000000000, sa_flags=none
SIGUSR2: [libjvm.dylib+0x45aa42], sa_mask[0]=00100000000000000000000000000000, sa_flags=SA_RESTART|SA_SIGINFO
SIGHUP: [libjvm.dylib+0x459015], sa_mask[0]=11111111011111110111111111111111, sa_flags=SA_RESTART|SA_SIGINFO
SIGINT: [libjvm.dylib+0x459015], sa_mask[0]=11111111011111110111111111111111, sa_flags=SA_RESTART|SA_SIGINFO
SIGTERM: [libjvm.dylib+0x459015], sa_mask[0]=11111111011111110111111111111111, sa_flags=SA_RESTART|SA_SIGINFO
SIGQUIT: [libjvm.dylib+0x459015], sa_mask[0]=11111111011111110111111111111111, sa_flags=SA_RESTART|SA_SIGINFO


---------------  S Y S T E M  ---------------

OS:Bsduname:Darwin 15.0.0 Darwin Kernel Version 15.0.0: Wed Aug 26 16:57:32 PDT 2015; root:xnu-3247.1.106~1/RELEASE_X86_64 x86_64
rlimit: STACK 8192k, CORE 0k, NPROC 709, NOFILE 10240, AS infinity
load average:1.79 1.88 1.82

CPU:total 8 (4 cores per cpu, 2 threads per core) family 6 model 70 stepping 1, cmov, cx8, fxsr, mmx, sse, sse2, sse3, ssse3, sse4.1, sse4.2, popcnt, avx, avx2, aes, clmul, erms, lzcnt, ht, tsc, tscinvbit, bmi1, bmi2

Memory: 4k page, physical 16777216k(565852k free)

/proc/meminfo:


vm_info: Java HotSpot(TM) 64-Bit Server VM (25.31-b07) for bsd-amd64 JRE (1.8.0_31-b13), built on Dec 17 2014 20:45:36 by "java_re" with gcc 4.2.1 (Based on Apple Inc. build 5658) (LLVM build 2336.11.00)

time: Fri May 20 13:55:53 2016
elapsed time: 503 seconds (0d 0h 8m 23s)

